2022-12-05T19:38:37+00:00 CRITICAL Uncaught Error: Attempt to assign property "section" on null in C:\xampp\htdocs\watch\wp-content\themes\oceanwp\inc\woocommerce\woocommerce-config.php:303
Stack trace:
#0 C:\xampp\htdocs\watch\wp-includes\class-wp-hook.php(308): OceanWP_WooCommerce_Config::woo_section(Object(WP_Customize_Manager))
#1 C:\xampp\htdocs\watch\wp-includes\class-wp-hook.php(332): WP_Hook->apply_filters(NULL, Array)
#2 C:\xampp\htdocs\watch\wp-includes\plugin.php(517): WP_Hook->do_action(Array)
#3 C:\xampp\htdocs\watch\wp-includes\class-wp-customize-manager.php(934): do_action('customize_regis...', Object(WP_Customize_Manager))
#4 C:\xampp\htdocs\watch\wp-includes\class-wp-hook.php(308): WP_Customize_Manager->wp_loaded('')
#5 C:\xampp\htdocs\watch\wp-includes\class-wp-hook.php(332): WP_Hook->apply_filters(NULL, Array)
#6 C:\xampp\htdocs\watch\wp-includes\plugin.php(517): WP_Hook->do_action(Array)
#7 C:\xampp\htdocs\watch\wp-settings.php(639): do_action('wp_loaded')
#8 C:\xampp\htdocs\watch\wp-config.php(96): require_once('C:\\xampp\\htdocs...')
#9 C:\xampp\htdocs\watch\wp-load.php(50): require_once('C:\\xampp\\htdocs...')
#10 C:\xampp\htdocs\watch\wp-blog-header.php(13): require_once('C:\\xampp\\htdocs...')
#11 C:\xampp\htdocs\watch\index.php(17): require('C:\\xampp\\htdocs...')
#12 {main}
  thrown in C:\xampp\htdocs\watch\wp-content\themes\oceanwp\inc\woocommerce\woocommerce-config.php on line 303

2022-12-05T19:38:40+00:00 CRITICAL Uncaught Error: Attempt to assign property "section" on null in C:\xampp\htdocs\watch\wp-content\themes\oceanwp\inc\woocommerce\woocommerce-config.php:303
Stack trace:
#0 C:\xampp\htdocs\watch\wp-includes\class-wp-hook.php(308): OceanWP_WooCommerce_Config::woo_section(Object(WP_Customize_Manager))
#1 C:\xampp\htdocs\watch\wp-includes\class-wp-hook.php(332): WP_Hook->apply_filters(NULL, Array)
#2 C:\xampp\htdocs\watch\wp-includes\plugin.php(517): WP_Hook->do_action(Array)
#3 C:\xampp\htdocs\watch\wp-includes\class-wp-customize-manager.php(934): do_action('customize_regis...', Object(WP_Customize_Manager))
#4 C:\xampp\htdocs\watch\wp-includes\class-wp-hook.php(308): WP_Customize_Manager->wp_loaded('')
#5 C:\xampp\htdocs\watch\wp-includes\class-wp-hook.php(332): WP_Hook->apply_filters(NULL, Array)
#6 C:\xampp\htdocs\watch\wp-includes\plugin.php(517): WP_Hook->do_action(Array)
#7 C:\xampp\htdocs\watch\wp-settings.php(639): do_action('wp_loaded')
#8 C:\xampp\htdocs\watch\wp-config.php(96): require_once('C:\\xampp\\htdocs...')
#9 C:\xampp\htdocs\watch\wp-load.php(50): require_once('C:\\xampp\\htdocs...')
#10 C:\xampp\htdocs\watch\wp-blog-header.php(13): require_once('C:\\xampp\\htdocs...')
#11 C:\xampp\htdocs\watch\index.php(17): require('C:\\xampp\\htdocs...')
#12 {main}
  thrown in C:\xampp\htdocs\watch\wp-content\themes\oceanwp\inc\woocommerce\woocommerce-config.php on line 303

2022-12-05T19:38:45+00:00 CRITICAL Uncaught Error: Attempt to assign property "section" on null in C:\xampp\htdocs\watch\wp-content\themes\oceanwp\inc\woocommerce\woocommerce-config.php:303
Stack trace:
#0 C:\xampp\htdocs\watch\wp-includes\class-wp-hook.php(308): OceanWP_WooCommerce_Config::woo_section(Object(WP_Customize_Manager))
#1 C:\xampp\htdocs\watch\wp-includes\class-wp-hook.php(332): WP_Hook->apply_filters(NULL, Array)
#2 C:\xampp\htdocs\watch\wp-includes\plugin.php(517): WP_Hook->do_action(Array)
#3 C:\xampp\htdocs\watch\wp-includes\class-wp-customize-manager.php(934): do_action('customize_regis...', Object(WP_Customize_Manager))
#4 C:\xampp\htdocs\watch\wp-includes\class-wp-hook.php(308): WP_Customize_Manager->wp_loaded('')
#5 C:\xampp\htdocs\watch\wp-includes\class-wp-hook.php(332): WP_Hook->apply_filters(NULL, Array)
#6 C:\xampp\htdocs\watch\wp-includes\plugin.php(517): WP_Hook->do_action(Array)
#7 C:\xampp\htdocs\watch\wp-settings.php(639): do_action('wp_loaded')
#8 C:\xampp\htdocs\watch\wp-config.php(96): require_once('C:\\xampp\\htdocs...')
#9 C:\xampp\htdocs\watch\wp-load.php(50): require_once('C:\\xampp\\htdocs...')
#10 C:\xampp\htdocs\watch\wp-admin\admin-ajax.php(22): require_once('C:\\xampp\\htdocs...')
#11 {main}
  thrown in C:\xampp\htdocs\watch\wp-content\themes\oceanwp\inc\woocommerce\woocommerce-config.php on line 303

2022-12-05T19:38:49+00:00 CRITICAL Uncaught Error: Attempt to assign property "section" on null in C:\xampp\htdocs\watch\wp-content\themes\oceanwp\inc\woocommerce\woocommerce-config.php:303
Stack trace:
#0 C:\xampp\htdocs\watch\wp-includes\class-wp-hook.php(308): OceanWP_WooCommerce_Config::woo_section(Object(WP_Customize_Manager))
#1 C:\xampp\htdocs\watch\wp-includes\class-wp-hook.php(332): WP_Hook->apply_filters(NULL, Array)
#2 C:\xampp\htdocs\watch\wp-includes\plugin.php(517): WP_Hook->do_action(Array)
#3 C:\xampp\htdocs\watch\wp-includes\class-wp-customize-manager.php(934): do_action('customize_regis...', Object(WP_Customize_Manager))
#4 C:\xampp\htdocs\watch\wp-includes\class-wp-hook.php(308): WP_Customize_Manager->wp_loaded('')
#5 C:\xampp\htdocs\watch\wp-includes\class-wp-hook.php(332): WP_Hook->apply_filters(NULL, Array)
#6 C:\xampp\htdocs\watch\wp-includes\plugin.php(517): WP_Hook->do_action(Array)
#7 C:\xampp\htdocs\watch\wp-settings.php(639): do_action('wp_loaded')
#8 C:\xampp\htdocs\watch\wp-config.php(96): require_once('C:\\xampp\\htdocs...')
#9 C:\xampp\htdocs\watch\wp-load.php(50): require_once('C:\\xampp\\htdocs...')
#10 C:\xampp\htdocs\watch\wp-admin\admin-ajax.php(22): require_once('C:\\xampp\\htdocs...')
#11 {main}
  thrown in C:\xampp\htdocs\watch\wp-content\themes\oceanwp\inc\woocommerce\woocommerce-config.php on line 303

